<?xml version="1.0" encoding="UTF-8"?>
<!-- Generated by org.testng.reporters.JUnitReportReporter -->
<testsuite hostname="AKHILESG-IN" name="TestCases.FacebookLoginTestCase" tests="1" failures="0" timestamp="5 Sep 2020 09:11:21 GMT" time="0.003" errors="1">
  <testcase name="testInvalidLogin" time="0.003" classname="TestCases.FacebookLoginTestCase">
    <error type="org.openqa.selenium.SessionNotCreatedException" message="session not created
from chrome not reachable
  (Session info: chrome=84.0.4147.135)
Build info: version: &#039;3.141.59&#039;, revision: &#039;e82be7d358&#039;, time: &#039;2018-11-14T08:25:48&#039;
System info: host: &#039;AKHILESG-IN&#039;, ip: &#039;192.168.225.90&#039;, os.name: &#039;Windows 10&#039;, os.arch: &#039;amd64&#039;, os.version: &#039;10.0&#039;, java.version: &#039;1.8.0_221&#039;
Driver info: driver.version: ChromeDriver
remote stacktrace: Backtrace:
	Ordinal0 [0x011187E3+2852835]
	Ordinal0 [0x01005BB1+1727409]
	Ordinal0 [0x00EDE362+516962]
	Ordinal0 [0x00ED7D82+490882]
	Ordinal0 [0x00ED846B+492651]
	Ordinal0 [0x00ED93C5+496581]
	Ordinal0 [0x00ED4D64+478564]
	Ordinal0 [0x00EDF300+520960]
	Ordinal0 [0x00E8E489+189577]
	Ordinal0 [0x00E8D7FD+186365]
	Ordinal0 [0x00E8B70B+177931]
	Ordinal0 [0x00E72584+75140]
	Ordinal0 [0x00E73650+79440]
	Ordinal0 [0x00E735E9+79337]
	Ordinal0 [0x0101AD5C+1813852]
	GetHandleVerifier [0x0123C616+1075574]
	GetHandleVerifier [0x0123C367+1074887]
	GetHandleVerifier [0x01247497+1120247]
	GetHandleVerifier [0x0123CC16+1077110]
	Ordinal0 [0x01013206+1782278]
	Ordinal0 [0x0101C3BB+1819579]
	Ordinal0 [0x0101C523+1819939]
	Ordinal0 [0x01032B45+1911621]
	BaseThreadInitThunk [0x766E6359+25]
	RtlGetAppContainerNamedObjectPath [0x776E7C24+228]
	RtlGetAppContainerNamedObjectPath [0x776E7BF4+180]
">
      <![CDATA[org.openqa.selenium.SessionNotCreatedException: session not created
from chrome not reachable
  (Session info: chrome=84.0.4147.135)
Build info: version: '3.141.59', revision: 'e82be7d358', time: '2018-11-14T08:25:48'
System info: host: 'AKHILESG-IN', ip: '192.168.225.90', os.name: 'Windows 10', os.arch: 'amd64', os.version: '10.0', java.version: '1.8.0_221'
Driver info: driver.version: ChromeDriver
remote stacktrace: Backtrace:
	Ordinal0 [0x011187E3+2852835]
	Ordinal0 [0x01005BB1+1727409]
	Ordinal0 [0x00EDE362+516962]
	Ordinal0 [0x00ED7D82+490882]
	Ordinal0 [0x00ED846B+492651]
	Ordinal0 [0x00ED93C5+496581]
	Ordinal0 [0x00ED4D64+478564]
	Ordinal0 [0x00EDF300+520960]
	Ordinal0 [0x00E8E489+189577]
	Ordinal0 [0x00E8D7FD+186365]
	Ordinal0 [0x00E8B70B+177931]
	Ordinal0 [0x00E72584+75140]
	Ordinal0 [0x00E73650+79440]
	Ordinal0 [0x00E735E9+79337]
	Ordinal0 [0x0101AD5C+1813852]
	GetHandleVerifier [0x0123C616+1075574]
	GetHandleVerifier [0x0123C367+1074887]
	GetHandleVerifier [0x01247497+1120247]
	GetHandleVerifier [0x0123CC16+1077110]
	Ordinal0 [0x01013206+1782278]
	Ordinal0 [0x0101C3BB+1819579]
	Ordinal0 [0x0101C523+1819939]
	Ordinal0 [0x01032B45+1911621]
	BaseThreadInitThunk [0x766E6359+25]
	RtlGetAppContainerNamedObjectPath [0x776E7C24+228]
	RtlGetAppContainerNamedObjectPath [0x776E7BF4+180]

	at sun.reflect.NativeConstructorAccessorImpl.newInstance0(Native Method)
	at sun.reflect.NativeConstructorAccessorImpl.newInstance(Unknown Source)
	at sun.reflect.DelegatingConstructorAccessorImpl.newInstance(Unknown Source)
	at java.lang.reflect.Constructor.newInstance(Unknown Source)
	at org.openqa.selenium.remote.W3CHandshakeResponse.lambda$errorHandler$0(W3CHandshakeResponse.java:62)
	at org.openqa.selenium.remote.HandshakeResponse.lambda$getResponseFunction$0(HandshakeResponse.java:30)
	at org.openqa.selenium.remote.ProtocolHandshake.lambda$createSession$0(ProtocolHandshake.java:126)
	at java.util.stream.ReferencePipeline$3$1.accept(Unknown Source)
	at java.util.Spliterators$ArraySpliterator.tryAdvance(Unknown Source)
	at java.util.stream.ReferencePipeline.forEachWithCancel(Unknown Source)
	at java.util.stream.AbstractPipeline.copyIntoWithCancel(Unknown Source)
	at java.util.stream.AbstractPipeline.copyInto(Unknown Source)
	at java.util.stream.AbstractPipeline.wrapAndCopyInto(Unknown Source)
	at java.util.stream.FindOps$FindOp.evaluateSequential(Unknown Source)
	at java.util.stream.AbstractPipeline.evaluate(Unknown Source)
	at java.util.stream.ReferencePipeline.findFirst(Unknown Source)
	at org.openqa.selenium.remote.ProtocolHandshake.createSession(ProtocolHandshake.java:128)
	at org.openqa.selenium.remote.ProtocolHandshake.createSession(ProtocolHandshake.java:74)
	at org.openqa.selenium.remote.HttpCommandExecutor.execute(HttpCommandExecutor.java:136)
	at org.openqa.selenium.remote.service.DriverCommandExecutor.execute(DriverCommandExecutor.java:83)
	at org.openqa.selenium.remote.RemoteWebDriver.execute(RemoteWebDriver.java:552)
	at org.openqa.selenium.remote.RemoteWebDriver.startSession(RemoteWebDriver.java:213)
	at org.openqa.selenium.remote.RemoteWebDriver.<init>(RemoteWebDriver.java:131)
	at org.openqa.selenium.chrome.ChromeDriver.<init>(ChromeDriver.java:181)
	at org.openqa.selenium.chrome.ChromeDriver.<init>(ChromeDriver.java:168)
	at org.openqa.selenium.chrome.ChromeDriver.<init>(ChromeDriver.java:123)
	at Core.BaseTest.init(BaseTest.java:62)
	at sun.reflect.NativeMethodAccessorImpl.invoke0(Native Method)
	at sun.reflect.NativeMethodAccessorImpl.invoke(Unknown Source)
	at sun.reflect.DelegatingMethodAccessorImpl.invoke(Unknown Source)
	at java.lang.reflect.Method.invoke(Unknown Source)
	at org.testng.internal.MethodInvocationHelper.invokeMethod(MethodInvocationHelper.java:86)
	at org.testng.internal.Invoker.invokeConfigurationMethod(Invoker.java:515)
	at org.testng.internal.Invoker.invokeConfigurations(Invoker.java:216)
	at org.testng.internal.Invoker.invokeMethod(Invoker.java:590)
	at org.testng.internal.Invoker.invokeTestMethod(Invoker.java:823)
	at org.testng.internal.Invoker.invokeTestMethods(Invoker.java:1131)
	at org.testng.internal.TestMethodWorker.invokeTestMethods(TestMethodWorker.java:129)
	at org.testng.internal.TestMethodWorker.run(TestMethodWorker.java:112)
	at org.testng.TestRunner.privateRun(TestRunner.java:778)
	at org.testng.TestRunner.run(TestRunner.java:632)
	at org.testng.SuiteRunner.runTest(SuiteRunner.java:366)
	at org.testng.SuiteRunner.runSequentially(SuiteRunner.java:361)
	at org.testng.SuiteRunner.privateRun(SuiteRunner.java:319)
	at org.testng.SuiteRunner.run(SuiteRunner.java:268)
	at org.testng.SuiteRunnerWorker.runSuite(SuiteRunnerWorker.java:52)
	at org.testng.SuiteRunnerWorker.run(SuiteRunnerWorker.java:86)
	at org.testng.TestNG.runSuitesSequentially(TestNG.java:1225)
	at org.testng.TestNG.runSuitesLocally(TestNG.java:1150)
	at org.testng.TestNG.runSuites(TestNG.java:1075)
	at org.testng.TestNG.run(TestNG.java:1047)
	at org.testng.remote.AbstractRemoteTestNG.run(AbstractRemoteTestNG.java:126)
	at org.testng.remote.RemoteTestNG.initAndRun(RemoteTestNG.java:137)
	at org.testng.remote.RemoteTestNG.main(RemoteTestNG.java:58)
]]>
    </error>
  </testcase> <!-- testInvalidLogin -->
</testsuite> <!-- TestCases.FacebookLoginTestCase -->
